<?xml version="1.0" encoding="UTF-8"?>
<!-- Generated by org.testng.reporters.JUnitReportReporter -->
<testsuite hostname="Deepus" failures="0" tests="1" name="testngpackage.Fileuploadrobotpgm" time="4.150" errors="0" timestamp="2023-09-25T09:11:26 IST" skipped="0">
  <testcase classname="testngpackage.Fileuploadrobotpgm" name="fileuploadpgm" time="4.150"/>
  <system-out/>
</testsuite> <!-- testngpackage.Fileuploadrobotpgm -->
