<?xml version="1.0" encoding="UTF-8"?>
<!-- Generated by org.testng.reporters.JUnitReportReporter -->
<testsuite hostname="Deepus" failures="0" tests="2" name="testngpackage.Grouping" time="0.020" errors="0" timestamp="2023-09-16T11:12:24 IST" skipped="0">
  <testcase classname="testngpackage.Grouping" name="test1" time="0.019"/>
  <system-out/>
  <testcase classname="testngpackage.Grouping" name="test2" time="0.001"/>
  <system-out/>
</testsuite> <!-- testngpackage.Grouping -->
