<?xml version="1.0" encoding="UTF-8"?>
<!-- Generated by org.testng.reporters.JUnitReportReporter -->
<testsuite hostname="Deepus" failures="0" tests="1" name="testngpackage.DragandDrop" time="1.405" errors="0" timestamp="2023-09-21T21:58:50 IST" skipped="0">
  <testcase classname="testngpackage.DragandDrop" name="test" time="1.405"/>
  <system-out/>
</testsuite> <!-- testngpackage.DragandDrop -->
