<?xml version="1.0" encoding="UTF-8"?>
<!-- Generated by org.testng.reporters.JUnitReportReporter -->
<testsuite hostname="Deepus" failures="0" tests="2" name="testngpackage.CrossBrowserTesting" time="3.715" errors="0" timestamp="2023-09-19T09:53:08 IST" skipped="0">
  <testcase classname="testngpackage.CrossBrowserTesting" name="test" time="1.997"/>
  <system-out/>
  <testcase classname="testngpackage.CrossBrowserTesting" name="test" time="1.718"/>
  <system-out/>
</testsuite> <!-- testngpackage.CrossBrowserTesting -->
