<?xml version="1.0" encoding="UTF-8"?>
<!-- Generated by org.testng.reporters.JUnitReportReporter -->
<testsuite hostname="Deepus" failures="0" tests="1" name="testngpackage.Parammeterisation" time="0.010" errors="0" timestamp="2023-09-18T21:18:58 IST" skipped="0">
  <testcase classname="testngpackage.Parammeterisation" name="test" time="0.010"/>
  <system-out/>
</testsuite> <!-- testngpackage.Parammeterisation -->
