<?xml version="1.0" encoding="UTF-8"?>
<!-- Generated by org.testng.reporters.JUnitReportReporter -->
<testsuite hostname="Deepus" failures="0" tests="4" name="testngpackage.TestngDemo" time="0.010" errors="0" timestamp="2023-09-16T10:33:43 IST" skipped="1">
  <testcase classname="testngpackage.TestngDemo" name="test1" time="0.006"/>
  <system-out/>
  <testcase classname="testngpackage.TestngDemo" name="test1" time="0.003"/>
  <system-out/>
  <testcase classname="testngpackage.TestngDemo" name="test1" time="0.001"/>
  <system-out/>
  <testcase classname="testngpackage.TestngDemo" name="test2">
    <skipped/>
  </testcase> <!-- test2 -->
  <system-out/>
</testsuite> <!-- testngpackage.TestngDemo -->
