<?xml version="1.0" encoding="UTF-8"?>
<!-- Generated by org.testng.reporters.JUnitReportReporter -->
<testsuite hostname="Deepus" failures="0" tests="1" name="testngpackage.Copypaste" time="2.884" errors="0" timestamp="2023-09-20T23:09:56 IST" skipped="0">
  <testcase classname="testngpackage.Copypaste" name="test1" time="2.884"/>
  <system-out/>
</testsuite> <!-- testngpackage.Copypaste -->
