<?xml version="1.0" encoding="UTF-8"?>
<!-- Generated by org.testng.reporters.JUnitReportReporter -->
<testsuite hostname="Deepus" failures="0" tests="1" name="testngpackage.Fblogin" time="0.260" errors="0" timestamp="2023-09-18T22:14:56 IST" skipped="0">
  <testcase classname="testngpackage.Fblogin" name="fblogin" time="0.260"/>
  <system-out/>
</testsuite> <!-- testngpackage.Fblogin -->
