<?xml version="1.0" encoding="UTF-8"?>
<!-- Generated by org.testng.reporters.JUnitReportReporter -->
<testsuite hostname="Deepus" failures="0" tests="4" name="testngpackage.Ebay" time="0.290" errors="0" timestamp="2023-09-19T22:05:30 IST" skipped="0">
  <testcase classname="testngpackage.Ebay" name="totalLinkCount" time="0.071"/>
  <system-out/>
  <testcase classname="testngpackage.Ebay" name="searchButtonVerification" time="0.052"/>
  <system-out/>
  <testcase classname="testngpackage.Ebay" name="logo" time="0.043"/>
  <system-out/>
  <testcase classname="testngpackage.Ebay" name="Dailydeals" time="0.124"/>
  <system-out/>
</testsuite> <!-- testngpackage.Ebay -->
