<?xml version="1.0" encoding="UTF-8"?>
<!-- Generated by org.testng.reporters.JUnitReportReporter -->
<testsuite hostname="Deepus" failures="0" tests="1" name="testngpackage.Windowhandler" time="2.303" errors="0" timestamp="2023-09-25T21:02:25 IST" skipped="0">
  <testcase classname="testngpackage.Windowhandler" name="test" time="2.303"/>
  <system-out/>
</testsuite> <!-- testngpackage.Windowhandler -->
