<?xml version="1.0" encoding="UTF-8"?>
<!-- Generated by org.testng.reporters.JUnitReportReporter -->
<testsuite hostname="Deepus" failures="0" tests="1" name="testngpackage.chrome_notifications" time="1.366" errors="0" timestamp="2023-10-05T22:48:10 IST" skipped="0">
  <testcase classname="testngpackage.chrome_notifications" name="test1" time="1.366"/>
  <system-out/>
</testsuite> <!-- testngpackage.chrome_notifications -->
